<?xml version="1.0" encoding="utf-8"?><testsuites name="pytest tests"><testsuite name="pytest" errors="0" failures="2" skipped="0" tests="15" time="4.735" timestamp="2026-04-21T04:09:48.130830+00:00" hostname="agent-env-3d123b6c-9917-43b3-b9f8-644bc3b7d528"><testcase classname="backend.tests.test_billing.TestPlans" name="test_list_plans_public" time="0.219" /><testcase classname="backend.tests.test_billing.TestSubscription" name="test_unauth_401" time="0.119" /><testcase classname="backend.tests.test_billing.TestSubscription" name="test_admin_default_free" time="0.474" /><testcase classname="backend.tests.test_billing.TestCheckout" name="test_create_session_free_rejected" time="0.109" /><testcase classname="backend.tests.test_billing.TestCheckout" name="test_create_session_invalid_plan" time="0.110" /><testcase classname="backend.tests.test_billing.TestCheckout" name="test_create_session_non_admin_forbidden" time="0.478" /><testcase classname="backend.tests.test_billing.TestCheckout" name="test_create_session_super_forbidden" time="0.443" /><testcase classname="backend.tests.test_billing.TestCheckout" name="test_create_session_pro_success" time="0.913" /><testcase classname="backend.tests.test_billing.TestCheckout" name="test_status_endpoint" time="0.329"><failure message="AssertionError: Internal Server Error&#10;assert 500 == 200&#10; +  where 500 = &lt;Response [500]&gt;.status_code">backend/tests/test_billing.py:133: in test_status_endpoint
    assert r.status_code == 200, r.text
E   AssertionError: Internal Server Error
E   assert 500 == 200
E    +  where 500 = &lt;Response [500]&gt;.status_code</failure></testcase><testcase classname="backend.tests.test_billing.TestCheckout" name="test_status_idempotent" time="0.633"><failure message="assert (500 == 200)&#10; +  where 500 = &lt;Response [500]&gt;.status_code">backend/tests/test_billing.py:148: in test_status_idempotent
    assert r1.status_code == 200 and r2.status_code == 200
E   assert (500 == 200)
E    +  where 500 = &lt;Response [500]&gt;.status_code</failure></testcase><testcase classname="backend.tests.test_billing.TestWebhookEndpoint" name="test_webhook_exists_accepts_post" time="0.107" /><testcase classname="backend.tests.test_billing.TestSuperRevenue" name="test_stats_has_revenue" time="0.145" /><testcase classname="backend.tests.test_billing.TestSuperRevenue" name="test_subscriptions_list" time="0.120" /><testcase classname="backend.tests.test_billing.TestSuperRevenue" name="test_transactions_list" time="0.101" /><testcase classname="backend.tests.test_billing.TestSuperRevenue" name="test_super_endpoints_forbidden_for_admin" time="0.320" /></testsuite></testsuites>