<?xml version="1.0" encoding="utf-8"?><testsuites name="pytest tests"><testsuite name="pytest" errors="0" failures="0" skipped="0" tests="30" time="17.766" timestamp="2026-04-21T04:20:43.771026+00:00" hostname="agent-env-3d123b6c-9917-43b3-b9f8-644bc3b7d528"><testcase classname="backend.tests.test_credit_pack.TestCreditPackInfo" name="test_public_no_auth_required" time="0.184" /><testcase classname="backend.tests.test_credit_pack.TestSubscriptionUsage" name="test_subscription_has_usage_fields" time="0.461" /><testcase classname="backend.tests.test_credit_pack.TestCreditPackCheckoutAuth" name="test_unauth_401" time="0.108" /><testcase classname="backend.tests.test_credit_pack.TestCreditPackCheckoutAuth" name="test_student_forbidden" time="0.450" /><testcase classname="backend.tests.test_credit_pack.TestCreditPackCheckoutAuth" name="test_teacher_forbidden" time="0.435" /><testcase classname="backend.tests.test_credit_pack.TestCreditPackCheckoutAuth" name="test_parent_forbidden" time="0.453" /><testcase classname="backend.tests.test_credit_pack.TestCreditPackCheckoutAuth" name="test_superadmin_forbidden" time="0.427" /><testcase classname="backend.tests.test_credit_pack.TestCreditPackCheckoutAuth" name="test_admin_creates_session" time="0.715" /><testcase classname="backend.tests.test_credit_pack.TestCreditPackCheckoutAuth" name="test_hod_creates_session" time="0.866" /><testcase classname="backend.tests.test_credit_pack.TestCreditPackTransaction" name="test_payment_transaction_has_credit_pack_fields" time="0.113" /><testcase classname="backend.tests.test_credit_pack.TestCreditPackStatusIdempotent" name="test_status_polls_do_not_apply_credits_on_unpaid" time="2.316" /><testcase classname="backend.tests.test_credit_pack.TestAIAskUsedCredit" name="test_ai_ask_returns_used_credit_flag" time="6.255" /><testcase classname="backend.tests.test_credit_pack.TestAIAskUsedCredit" name="test_ai_ask_private_keyword_blocked_no_used_credit_change" time="0.378" /><testcase classname="backend.tests.test_credit_pack.TestAILogsUsedCreditField" name="test_ai_log_has_used_credit" time="0.005" /><testcase classname="backend.tests.test_credit_pack.TestLimitReachedCodePath" name="test_server_code_contains_limit_block" time="0.000" /><testcase classname="backend.tests.test_billing.TestPlans" name="test_list_plans_public" time="0.105" /><testcase classname="backend.tests.test_billing.TestSubscription" name="test_unauth_401" time="0.114" /><testcase classname="backend.tests.test_billing.TestSubscription" name="test_admin_default_free" time="0.441" /><testcase classname="backend.tests.test_billing.TestCheckout" name="test_create_session_free_rejected" time="0.127" /><testcase classname="backend.tests.test_billing.TestCheckout" name="test_create_session_invalid_plan" time="0.140" /><testcase classname="backend.tests.test_billing.TestCheckout" name="test_create_session_non_admin_forbidden" time="0.436" /><testcase classname="backend.tests.test_billing.TestCheckout" name="test_create_session_super_forbidden" time="0.441" /><testcase classname="backend.tests.test_billing.TestCheckout" name="test_create_session_pro_success" time="0.519" /><testcase classname="backend.tests.test_billing.TestCheckout" name="test_status_endpoint" time="0.361" /><testcase classname="backend.tests.test_billing.TestCheckout" name="test_status_idempotent" time="0.912" /><testcase classname="backend.tests.test_billing.TestWebhookEndpoint" name="test_webhook_exists_accepts_post" time="0.114" /><testcase classname="backend.tests.test_billing.TestSuperRevenue" name="test_stats_has_revenue" time="0.120" /><testcase classname="backend.tests.test_billing.TestSuperRevenue" name="test_subscriptions_list" time="0.107" /><testcase classname="backend.tests.test_billing.TestSuperRevenue" name="test_transactions_list" time="0.120" /><testcase classname="backend.tests.test_billing.TestSuperRevenue" name="test_super_endpoints_forbidden_for_admin" time="0.368" /></testsuite></testsuites>