<?xml version="1.0" encoding="utf-8"?><testsuites name="pytest tests"><testsuite name="pytest" errors="0" failures="0" skipped="0" tests="29" time="9.852" timestamp="2026-04-21T03:43:23.898393+00:00" hostname="agent-env-3d123b6c-9917-43b3-b9f8-644bc3b7d528"><testcase classname="backend.tests.backend_test.TestAuth" name="test_login_admin" time="0.526" /><testcase classname="backend.tests.backend_test.TestAuth" name="test_login_superadmin_role" time="0.556" /><testcase classname="backend.tests.backend_test.TestAuth" name="test_login_invalid" time="0.377" /><testcase classname="backend.tests.backend_test.TestAuth" name="test_register_superadmin_forbidden" time="0.166" /><testcase classname="backend.tests.backend_test.TestAuth" name="test_register_student_expanded" time="0.384" /><testcase classname="backend.tests.backend_test.TestAuth" name="test_register_teacher_expanded" time="0.378" /><testcase classname="backend.tests.backend_test.TestAuth" name="test_register_parent_expanded" time="0.393" /><testcase classname="backend.tests.backend_test.TestAuth" name="test_register_hod" time="0.392" /><testcase classname="backend.tests.backend_test.TestDepartments" name="test_create" time="0.161" /><testcase classname="backend.tests.backend_test.TestDepartments" name="test_patch_partial" time="0.342" /><testcase classname="backend.tests.backend_test.TestDepartments" name="test_assign_hod_path" time="0.132" /><testcase classname="backend.tests.backend_test.TestAttendanceTwoStep" name="test_full_flow" time="1.074" /><testcase classname="backend.tests.backend_test.TestGallery" name="test_create_list_delete" time="0.590" /><testcase classname="backend.tests.backend_test.TestGallery" name="test_student_cannot_post" time="0.142" /><testcase classname="backend.tests.backend_test.TestQR" name="test_qr_profile" time="0.214" /><testcase classname="backend.tests.backend_test.TestQR" name="test_qr_institute_join_admin" time="0.139" /><testcase classname="backend.tests.backend_test.TestQR" name="test_qr_institute_join_student_forbidden" time="0.148" /><testcase classname="backend.tests.backend_test.TestQR" name="test_qr_fee_unpaid" time="0.326" /><testcase classname="backend.tests.backend_test.TestQR" name="test_qr_fee_paid_rejected" time="0.284" /><testcase classname="backend.tests.backend_test.TestMessages" name="test_conversations_and_unread" time="0.787" /><testcase classname="backend.tests.backend_test.TestSuperAdmin" name="test_stats" time="0.168" /><testcase classname="backend.tests.backend_test.TestSuperAdmin" name="test_stats_non_super_forbidden" time="0.144" /><testcase classname="backend.tests.backend_test.TestSuperAdmin" name="test_institutes" time="0.141" /><testcase classname="backend.tests.backend_test.TestSuperAdmin" name="test_users" time="0.154" /><testcase classname="backend.tests.backend_test.TestSuperAdmin" name="test_block_then_register_fails" time="0.392" /><testcase classname="backend.tests.backend_test.TestSuperAdmin" name="test_delete_user_by_super" time="0.524" /><testcase classname="backend.tests.backend_test.TestHostel" name="test_room_with_room_number" time="0.149" /><testcase classname="backend.tests.backend_test.TestHostel" name="test_mess_entry_path_param" time="0.152" /><testcase classname="backend.tests.backend_test.TestLibrary" name="test_issue_and_return_path" time="0.443" /></testsuite></testsuites>